# JRE version: OpenJDK Runtime Environment (11.0.13) (build 11.0.13+0-b1751.21-8125866)
# Java VM: OpenJDK 64-Bit Server VM (11.0.13+0-b1751.21-8125866, mixed mode, tiered, compressed oops, g1 gc, windows-amd64)
Heap:
 garbage-first heap   total 457728K, used 213797K [0x0000000080000000, 0x0000000100000000)
  region size 1024K, 4 young (4096K), 4 survivors (4096K)
 Metaspace       used 112761K, capacity 115401K, committed 115664K, reserved 1148928K
  class space    used 14505K, capacity 15527K, committed 15648K, reserved 1048576K
GC Heap History (20 events):
Event: 52.015 GC heap after
{Heap after GC invocations=40 (full 0):
 garbage-first heap   total 190464K, used 138575K [0x0000000080000000, 0x0000000100000000)
  region size 1024K, 2 young (2048K), 2 survivors (2048K)
 Metaspace       used 103845K, capacity 106130K, committed 106192K, reserved 1140736K
  class space    used 13218K, capacity 14059K, committed 14112K, reserved 1048576K
}
Event: 52.189 GC heap before
{Heap before GC invocations=40 (full 0):
 garbage-first heap   total 190464K, used 157007K [0x0000000080000000, 0x0000000100000000)
  region size 1024K, 20 young (20480K), 2 survivors (2048K)
 Metaspace       used 104346K, capacity 106642K, committed 106832K, reserved 1142784K
  class space    used 13268K, capacity 14123K, committed 14240K, reserved 1048576K
}
Event: 52.204 GC heap after
{Heap after GC invocations=41 (full 0):
 garbage-first heap   total 190464K, used 143935K [0x0000000080000000, 0x0000000100000000)
  region size 1024K, 3 young (3072K), 3 survivors (3072K)
 Metaspace       used 104346K, capacity 106642K, committed 106832K, reserved 1142784K
  class space    used 13268K, capacity 14123K, committed 14240K, reserved 1048576K
}
Event: 52.372 GC heap before
{Heap before GC invocations=41 (full 0):
 garbage-first heap   total 190464K, used 160319K [0x0000000080000000, 0x0000000100000000)
  region size 1024K, 18 young (18432K), 3 survivors (3072K)
 Metaspace       used 104654K, capacity 106930K, committed 107088K, reserved 1142784K
  class space    used 13319K, capacity 14155K, committed 14240K, reserved 1048576K
}
Event: 52.394 GC heap after
{Heap after GC invocations=42 (full 0):
 garbage-first heap   total 229376K, used 149069K [0x0000000080000000, 0x0000000100000000)
  region size 1024K, 3 young (3072K), 3 survivors (3072K)
 Metaspace       used 104654K, capacity 106930K, committed 107088K, reserved 1142784K
  class space    used 13319K, capacity 14155K, committed 14240K, reserved 1048576K
}
Event: 53.660 GC heap before
{Heap before GC invocations=43 (full 0):
 garbage-first heap   total 229376K, used 182861K [0x0000000080000000, 0x0000000100000000)
  region size 1024K, 36 young (36864K), 3 survivors (3072K)
 Metaspace       used 107302K, capacity 109634K, committed 109904K, reserved 1144832K
  class space    used 13809K, capacity 14692K, committed 14752K, reserved 1048576K
}
Event: 53.694 GC heap after
{Heap after GC invocations=44 (full 0):
 garbage-first heap   total 229376K, used 156833K [0x0000000080000000, 0x0000000100000000)
  region size 1024K, 5 young (5120K), 5 survivors (5120K)
 Metaspace       used 107302K, capacity 109634K, committed 109904K, reserved 1144832K
  class space    used 13809K, capacity 14692K, committed 14752K, reserved 1048576K
}
Event: 54.262 GC heap before
{Heap before GC invocations=44 (full 0):
 garbage-first heap   total 229376K, used 162977K [0x0000000080000000, 0x0000000100000000)
  region size 1024K, 11 young (11264K), 5 survivors (5120K)
 Metaspace       used 108171K, capacity 110542K, committed 110800K, reserved 1144832K
  class space    used 13915K, capacity 14852K, committed 14880K, reserved 1048576K
}
Event: 54.282 GC heap after
{Heap after GC invocations=45 (full 0):
 garbage-first heap   total 229376K, used 158501K [0x0000000080000000, 0x0000000100000000)
  region size 1024K, 2 young (2048K), 2 survivors (2048K)
 Metaspace       used 108171K, capacity 110542K, committed 110800K, reserved 1144832K
  class space    used 13915K, capacity 14852K, committed 14880K, reserved 1048576K
}
Event: 54.534 GC heap before
{Heap before GC invocations=45 (full 0):
 garbage-first heap   total 229376K, used 186149K [0x0000000080000000, 0x0000000100000000)
  region size 1024K, 29 young (29696K), 2 survivors (2048K)
 Metaspace       used 108332K, capacity 110753K, committed 110800K, reserved 1144832K
  class space    used 13916K, capacity 14853K, committed 14880K, reserved 1048576K
}
Event: 54.560 GC heap after
{Heap after GC invocations=46 (full 0):
 garbage-first heap   total 229376K, used 172020K [0x0000000080000000, 0x0000000100000000)
  region size 1024K, 4 young (4096K), 4 survivors (4096K)
 Metaspace       used 108332K, capacity 110753K, committed 110800K, reserved 1144832K
  class space    used 13916K, capacity 14853K, committed 14880K, reserved 1048576K
}
Event: 54.663 GC heap before
{Heap before GC invocations=46 (full 0):
 garbage-first heap   total 229376K, used 189428K [0x0000000080000000, 0x0000000100000000)
  region size 1024K, 21 young (21504K), 4 survivors (4096K)
 Metaspace       used 108381K, capacity 110827K, committed 111056K, reserved 1144832K
  class space    used 13922K, capacity 14855K, committed 14880K, reserved 1048576K
}
Event: 54.700 GC heap after
{Heap after GC invocations=47 (full 0):
 garbage-first heap   total 290816K, used 180141K [0x0000000080000000, 0x0000000100000000)
  region size 1024K, 3 young (3072K), 3 survivors (3072K)
 Metaspace       used 108381K, capacity 110827K, committed 111056K, reserved 1144832K
  class space    used 13922K, capacity 14855K, committed 14880K, reserved 1048576K
}
Event: 55.023 GC heap before
{Heap before GC invocations=47 (full 0):
 garbage-first heap   total 290816K, used 214957K [0x0000000080000000, 0x0000000100000000)
  region size 1024K, 38 young (38912K), 3 survivors (3072K)
 Metaspace       used 108438K, capacity 110898K, committed 111056K, reserved 1144832K
  class space    used 13922K, capacity 14856K, committed 14880K, reserved 1048576K
}
Event: 55.074 GC heap after
{Heap after GC invocations=48 (full 0):
 garbage-first heap   total 290816K, used 198064K [0x0000000080000000, 0x0000000100000000)
  region size 1024K, 5 young (5120K), 5 survivors (5120K)
 Metaspace       used 108438K, capacity 110898K, committed 111056K, reserved 1144832K
  class space    used 13922K, capacity 14856K, committed 14880K, reserved 1048576K
}
Event: 56.369 GC heap before
{Heap before GC invocations=48 (full 0):
 garbage-first heap   total 290816K, used 226736K [0x0000000080000000, 0x0000000100000000)
  region size 1024K, 33 young (33792K), 5 survivors (5120K)
 Metaspace       used 110064K, capacity 112414K, committed 112592K, reserved 1146880K
  class space    used 14140K, capacity 15061K, committed 15136K, reserved 1048576K
}
Event: 56.397 GC heap after
{Heap after GC invocations=49 (full 0):
 garbage-first heap   total 290816K, used 208896K [0x0000000080000000, 0x0000000100000000)
  region size 1024K, 5 young (5120K), 5 survivors (5120K)
 Metaspace       used 110064K, capacity 112414K, committed 112592K, reserved 1146880K
  class space    used 14140K, capacity 15061K, committed 15136K, reserved 1048576K
}
Event: 57.192 GC heap before
{Heap before GC invocations=49 (full 0):
 garbage-first heap   total 290816K, used 232448K [0x0000000080000000, 0x0000000100000000)
  region size 1024K, 29 young (29696K), 5 survivors (5120K)
 Metaspace       used 111882K, capacity 114450K, committed 114640K, reserved 1148928K
  class space    used 14395K, capacity 15386K, committed 15392K, reserved 1048576K
}
Event: 57.210 GC heap after
{Heap after GC invocations=50 (full 0):
 garbage-first heap   total 290816K, used 211442K [0x0000000080000000, 0x0000000100000000)
  region size 1024K, 2 young (2048K), 2 survivors (2048K)
 Metaspace       used 111882K, capacity 114450K, committed 114640K, reserved 1148928K
  class space    used 14395K, capacity 15386K, committed 15392K, reserved 1048576K
}
Event: 57.679 GC heap before
{Heap before GC invocations=50 (full 0):
 garbage-first heap   total 290816K, used 234994K [0x0000000080000000, 0x0000000100000000)
  region size 1024K, 26 young (26624K), 2 survivors (2048K)
 Metaspace       used 112761K, capacity 115401K, committed 115664K, reserved 1148928K
  class space    used 14505K, capacity 15527K, committed 15648K, reserved 1048576K
}

