# JRE version: OpenJDK Runtime Environment (11.0.13) (build 11.0.13+0-b1751.21-8125866)
# Java VM: OpenJDK 64-Bit Server VM (11.0.13+0-b1751.21-8125866, mixed mode, tiered, compressed oops, g1 gc, windows-amd64)
Heap:
 garbage-first heap   total 663552K, used 248687K [0x0000000080000000, 0x0000000100000000)
  region size 1024K, 2 young (2048K), 2 survivors (2048K)
 Metaspace       used 141244K, capacity 144971K, committed 145276K, reserved 1175552K
  class space    used 17309K, capacity 18784K, committed 18892K, reserved 1048576K
GC Heap History (20 events):
Event: 1977.906 GC heap after
{Heap after GC invocations=140 (full 0):
 garbage-first heap   total 263168K, used 214219K [0x0000000080000000, 0x0000000100000000)
  region size 1024K, 2 young (2048K), 2 survivors (2048K)
 Metaspace       used 140879K, capacity 144641K, committed 145020K, reserved 1175552K
  class space    used 17299K, capacity 18777K, committed 18892K, reserved 1048576K
}
Event: 1977.993 GC heap before
{Heap before GC invocations=140 (full 0):
 garbage-first heap   total 263168K, used 225483K [0x0000000080000000, 0x0000000100000000)
  region size 1024K, 13 young (13312K), 2 survivors (2048K)
 Metaspace       used 140898K, capacity 144655K, committed 145020K, reserved 1175552K
  class space    used 17302K, capacity 18781K, committed 18892K, reserved 1048576K
}
Event: 1978.000 GC heap after
{Heap after GC invocations=141 (full 0):
 garbage-first heap   total 263168K, used 215412K [0x0000000080000000, 0x0000000100000000)
  region size 1024K, 2 young (2048K), 2 survivors (2048K)
 Metaspace       used 140898K, capacity 144655K, committed 145020K, reserved 1175552K
  class space    used 17302K, capacity 18781K, committed 18892K, reserved 1048576K
}
Event: 1978.085 GC heap before
{Heap before GC invocations=141 (full 0):
 garbage-first heap   total 263168K, used 226676K [0x0000000080000000, 0x0000000100000000)
  region size 1024K, 13 young (13312K), 2 survivors (2048K)
 Metaspace       used 140900K, capacity 144655K, committed 145020K, reserved 1175552K
  class space    used 17302K, capacity 18781K, committed 18892K, reserved 1048576K
}
Event: 1978.093 GC heap after
{Heap after GC invocations=142 (full 0):
 garbage-first heap   total 263168K, used 217220K [0x0000000080000000, 0x0000000100000000)
  region size 1024K, 2 young (2048K), 2 survivors (2048K)
 Metaspace       used 140900K, capacity 144655K, committed 145020K, reserved 1175552K
  class space    used 17302K, capacity 18781K, committed 18892K, reserved 1048576K
}
Event: 1978.154 GC heap before
{Heap before GC invocations=143 (full 0):
 garbage-first heap   total 263168K, used 226436K [0x0000000080000000, 0x0000000100000000)
  region size 1024K, 12 young (12288K), 2 survivors (2048K)
 Metaspace       used 140945K, capacity 144663K, committed 145020K, reserved 1175552K
  class space    used 17302K, capacity 18781K, committed 18892K, reserved 1048576K
}
Event: 1978.163 GC heap after
{Heap after GC invocations=144 (full 0):
 garbage-first heap   total 263168K, used 217650K [0x0000000080000000, 0x0000000100000000)
  region size 1024K, 1 young (1024K), 1 survivors (1024K)
 Metaspace       used 140945K, capacity 144663K, committed 145020K, reserved 1175552K
  class space    used 17302K, capacity 18781K, committed 18892K, reserved 1048576K
}
Event: 1978.242 GC heap before
{Heap before GC invocations=144 (full 0):
 garbage-first heap   total 263168K, used 228914K [0x0000000080000000, 0x0000000100000000)
  region size 1024K, 12 young (12288K), 1 survivors (1024K)
 Metaspace       used 140960K, capacity 144727K, committed 145020K, reserved 1175552K
  class space    used 17302K, capacity 18781K, committed 18892K, reserved 1048576K
}
Event: 1978.263 GC heap after
{Heap after GC invocations=145 (full 0):
 garbage-first heap   total 263168K, used 214718K [0x0000000080000000, 0x0000000100000000)
  region size 1024K, 2 young (2048K), 2 survivors (2048K)
 Metaspace       used 140960K, capacity 144727K, committed 145020K, reserved 1175552K
  class space    used 17302K, capacity 18781K, committed 18892K, reserved 1048576K
}
Event: 1978.290 GC heap before
{Heap before GC invocations=145 (full 0):
 garbage-first heap   total 263168K, used 216766K [0x0000000080000000, 0x0000000100000000)
  region size 1024K, 5 young (5120K), 2 survivors (2048K)
 Metaspace       used 140971K, capacity 144735K, committed 145020K, reserved 1175552K
  class space    used 17302K, capacity 18781K, committed 18892K, reserved 1048576K
}
Event: 1978.306 GC heap after
{Heap after GC invocations=146 (full 0):
 garbage-first heap   total 407552K, used 215276K [0x0000000080000000, 0x0000000100000000)
  region size 1024K, 1 young (1024K), 1 survivors (1024K)
 Metaspace       used 140971K, capacity 144735K, committed 145020K, reserved 1175552K
  class space    used 17302K, capacity 18781K, committed 18892K, reserved 1048576K
}
Event: 1980.308 GC heap before
{Heap before GC invocations=147 (full 0):
 garbage-first heap   total 407552K, used 286956K [0x0000000080000000, 0x0000000100000000)
  region size 1024K, 68 young (69632K), 1 survivors (1024K)
 Metaspace       used 141111K, capacity 144808K, committed 145276K, reserved 1175552K
  class space    used 17308K, capacity 18782K, committed 18892K, reserved 1048576K
}
Event: 1980.335 GC heap after
{Heap after GC invocations=148 (full 0):
 garbage-first heap   total 407552K, used 223616K [0x0000000080000000, 0x0000000100000000)
  region size 1024K, 5 young (5120K), 5 survivors (5120K)
 Metaspace       used 141111K, capacity 144808K, committed 145276K, reserved 1175552K
  class space    used 17308K, capacity 18782K, committed 18892K, reserved 1048576K
}
Event: 1980.440 GC heap before
{Heap before GC invocations=148 (full 0):
 garbage-first heap   total 407552K, used 237952K [0x0000000080000000, 0x0000000100000000)
  region size 1024K, 19 young (19456K), 5 survivors (5120K)
 Metaspace       used 141118K, capacity 144872K, committed 145276K, reserved 1175552K
  class space    used 17308K, capacity 18782K, committed 18892K, reserved 1048576K
}
Event: 1980.461 GC heap after
{Heap after GC invocations=149 (full 0):
 garbage-first heap   total 407552K, used 220426K [0x0000000080000000, 0x0000000100000000)
  region size 1024K, 2 young (2048K), 2 survivors (2048K)
 Metaspace       used 141118K, capacity 144872K, committed 145276K, reserved 1175552K
  class space    used 17308K, capacity 18782K, committed 18892K, reserved 1048576K
}
Event: 1980.472 GC heap before
{Heap before GC invocations=149 (full 0):
 garbage-first heap   total 407552K, used 223498K [0x0000000080000000, 0x0000000100000000)
  region size 1024K, 6 young (6144K), 2 survivors (2048K)
 Metaspace       used 141118K, capacity 144872K, committed 145276K, reserved 1175552K
  class space    used 17308K, capacity 18782K, committed 18892K, reserved 1048576K
}
Event: 1980.480 GC heap after
{Heap after GC invocations=150 (full 0):
 garbage-first heap   total 407552K, used 221218K [0x0000000080000000, 0x0000000100000000)
  region size 1024K, 3 young (3072K), 3 survivors (3072K)
 Metaspace       used 141118K, capacity 144872K, committed 145276K, reserved 1175552K
  class space    used 17308K, capacity 18782K, committed 18892K, reserved 1048576K
}
Event: 1980.773 GC heap before
{Heap before GC invocations=150 (full 0):
 garbage-first heap   total 407552K, used 288802K [0x0000000080000000, 0x0000000100000000)
  region size 1024K, 63 young (64512K), 3 survivors (3072K)
 Metaspace       used 141138K, capacity 144880K, committed 145276K, reserved 1175552K
  class space    used 17309K, capacity 18784K, committed 18892K, reserved 1048576K
}
Event: 1980.802 GC heap after
{Heap after GC invocations=151 (full 0):
 garbage-first heap   total 407552K, used 236965K [0x0000000080000000, 0x0000000100000000)
  region size 1024K, 8 young (8192K), 8 survivors (8192K)
 Metaspace       used 141138K, capacity 144880K, committed 145276K, reserved 1175552K
  class space    used 17309K, capacity 18784K, committed 18892K, reserved 1048576K
}
Event: 1981.944 GC heap before
{Heap before GC invocations=152 (full 0):
 garbage-first heap   total 407552K, used 307621K [0x0000000080000000, 0x0000000100000000)
  region size 1024K, 67 young (68608K), 8 survivors (8192K)
 Metaspace       used 141244K, capacity 144971K, committed 145276K, reserved 1175552K
  class space    used 17309K, capacity 18784K, committed 18892K, reserved 1048576K
}

