# JRE version: OpenJDK Runtime Environment (11.0.13) (build 11.0.13+0-b1751.21-8125866)
# Java VM: OpenJDK 64-Bit Server VM (11.0.13+0-b1751.21-8125866, mixed mode, tiered, compressed oops, g1 gc, windows-amd64)
Heap:
 garbage-first heap   total 704512K, used 203132K [0x0000000080000000, 0x0000000100000000)
  region size 1024K, 4 young (4096K), 4 survivors (4096K)
 Metaspace       used 102951K, capacity 105487K, committed 105584K, reserved 1140736K
  class space    used 13382K, capacity 14353K, committed 14360K, reserved 1048576K
GC Heap History (20 events):
Event: 79.421 GC heap after
{Heap after GC invocations=45 (full 0):
 garbage-first heap   total 158720K, used 136192K [0x0000000080000000, 0x0000000100000000)
  region size 1024K, 1 young (1024K), 1 survivors (1024K)
 Metaspace       used 97412K, capacity 99625K, committed 99824K, reserved 1136640K
  class space    used 12497K, capacity 13348K, committed 13464K, reserved 1048576K
}
Event: 79.488 GC heap before
{Heap before GC invocations=45 (full 0):
 garbage-first heap   total 158720K, used 142336K [0x0000000080000000, 0x0000000100000000)
  region size 1024K, 7 young (7168K), 1 survivors (1024K)
 Metaspace       used 97412K, capacity 99625K, committed 99824K, reserved 1136640K
  class space    used 12497K, capacity 13348K, committed 13464K, reserved 1048576K
}
Event: 79.501 GC heap after
{Heap after GC invocations=46 (full 0):
 garbage-first heap   total 158720K, used 139929K [0x0000000080000000, 0x0000000100000000)
  region size 1024K, 1 young (1024K), 1 survivors (1024K)
 Metaspace       used 97412K, capacity 99625K, committed 99824K, reserved 1136640K
  class space    used 12497K, capacity 13348K, committed 13464K, reserved 1048576K
}
Event: 79.540 GC heap before
{Heap before GC invocations=46 (full 0):
 garbage-first heap   total 158720K, used 146073K [0x0000000080000000, 0x0000000100000000)
  region size 1024K, 7 young (7168K), 1 survivors (1024K)
 Metaspace       used 97412K, capacity 99625K, committed 99824K, reserved 1136640K
  class space    used 12497K, capacity 13348K, committed 13464K, reserved 1048576K
}
Event: 79.552 GC heap after
{Heap after GC invocations=47 (full 0):
 garbage-first heap   total 190464K, used 142308K [0x0000000080000000, 0x0000000100000000)
  region size 1024K, 1 young (1024K), 1 survivors (1024K)
 Metaspace       used 97412K, capacity 99625K, committed 99824K, reserved 1136640K
  class space    used 12497K, capacity 13348K, committed 13464K, reserved 1048576K
}
Event: 80.381 GC heap before
{Heap before GC invocations=48 (full 0):
 garbage-first heap   total 190464K, used 154596K [0x0000000080000000, 0x0000000100000000)
  region size 1024K, 12 young (12288K), 1 survivors (1024K)
 Metaspace       used 99297K, capacity 101616K, committed 101744K, reserved 1136640K
  class space    used 12931K, capacity 13806K, committed 13848K, reserved 1048576K
}
Event: 80.400 GC heap after
{Heap after GC invocations=49 (full 0):
 garbage-first heap   total 190464K, used 146550K [0x0000000080000000, 0x0000000100000000)
  region size 1024K, 2 young (2048K), 2 survivors (2048K)
 Metaspace       used 99297K, capacity 101616K, committed 101744K, reserved 1136640K
  class space    used 12931K, capacity 13806K, committed 13848K, reserved 1048576K
}
Event: 80.651 GC heap before
{Heap before GC invocations=49 (full 0):
 garbage-first heap   total 190464K, used 156790K [0x0000000080000000, 0x0000000100000000)
  region size 1024K, 12 young (12288K), 2 survivors (2048K)
 Metaspace       used 99754K, capacity 102064K, committed 102384K, reserved 1138688K
  class space    used 12959K, capacity 13843K, committed 13976K, reserved 1048576K
}
Event: 80.674 GC heap after
{Heap after GC invocations=50 (full 0):
 garbage-first heap   total 190464K, used 151752K [0x0000000080000000, 0x0000000100000000)
  region size 1024K, 2 young (2048K), 2 survivors (2048K)
 Metaspace       used 99754K, capacity 102064K, committed 102384K, reserved 1138688K
  class space    used 12959K, capacity 13843K, committed 13976K, reserved 1048576K
}
Event: 80.757 GC heap before
{Heap before GC invocations=50 (full 0):
 garbage-first heap   total 190464K, used 159944K [0x0000000080000000, 0x0000000100000000)
  region size 1024K, 10 young (10240K), 2 survivors (2048K)
 Metaspace       used 99782K, capacity 102067K, committed 102384K, reserved 1138688K
  class space    used 12959K, capacity 13843K, committed 13976K, reserved 1048576K
}
Event: 80.774 GC heap after
{Heap after GC invocations=51 (full 0):
 garbage-first heap   total 190464K, used 156483K [0x0000000080000000, 0x0000000100000000)
  region size 1024K, 2 young (2048K), 2 survivors (2048K)
 Metaspace       used 99782K, capacity 102067K, committed 102384K, reserved 1138688K
  class space    used 12959K, capacity 13843K, committed 13976K, reserved 1048576K
}
Event: 80.868 GC heap before
{Heap before GC invocations=51 (full 0):
 garbage-first heap   total 190464K, used 163651K [0x0000000080000000, 0x0000000100000000)
  region size 1024K, 9 young (9216K), 2 survivors (2048K)
 Metaspace       used 99805K, capacity 102070K, committed 102384K, reserved 1138688K
  class space    used 12960K, capacity 13844K, committed 13976K, reserved 1048576K
}
Event: 80.884 GC heap after
{Heap after GC invocations=52 (full 0):
 garbage-first heap   total 299008K, used 160150K [0x0000000080000000, 0x0000000100000000)
  region size 1024K, 2 young (2048K), 2 survivors (2048K)
 Metaspace       used 99805K, capacity 102070K, committed 102384K, reserved 1138688K
  class space    used 12960K, capacity 13844K, committed 13976K, reserved 1048576K
}
Event: 81.483 GC heap before
{Heap before GC invocations=53 (full 0):
 garbage-first heap   total 299008K, used 197014K [0x0000000080000000, 0x0000000100000000)
  region size 1024K, 38 young (38912K), 2 survivors (2048K)
 Metaspace       used 99843K, capacity 102138K, committed 102384K, reserved 1138688K
  class space    used 12960K, capacity 13844K, committed 13976K, reserved 1048576K
}
Event: 81.600 GC heap after
{Heap after GC invocations=54 (full 0):
 garbage-first heap   total 299008K, used 178357K [0x0000000080000000, 0x0000000100000000)
  region size 1024K, 5 young (5120K), 5 survivors (5120K)
 Metaspace       used 99843K, capacity 102138K, committed 102384K, reserved 1138688K
  class space    used 12960K, capacity 13844K, committed 13976K, reserved 1048576K
}
Event: 82.497 GC heap before
{Heap before GC invocations=54 (full 0):
 garbage-first heap   total 299008K, used 210101K [0x0000000080000000, 0x0000000100000000)
  region size 1024K, 37 young (37888K), 5 survivors (5120K)
 Metaspace       used 99857K, capacity 102138K, committed 102384K, reserved 1138688K
  class space    used 12960K, capacity 13844K, committed 13976K, reserved 1048576K
}
Event: 82.547 GC heap after
{Heap after GC invocations=55 (full 0):
 garbage-first heap   total 299008K, used 195584K [0x0000000080000000, 0x0000000100000000)
  region size 1024K, 5 young (5120K), 5 survivors (5120K)
 Metaspace       used 99857K, capacity 102138K, committed 102384K, reserved 1138688K
  class space    used 12960K, capacity 13844K, committed 13976K, reserved 1048576K
}
Event: 83.798 GC heap before
{Heap before GC invocations=56 (full 0):
 garbage-first heap   total 299008K, used 223232K [0x0000000080000000, 0x0000000100000000)
  region size 1024K, 32 young (32768K), 5 survivors (5120K)
 Metaspace       used 102495K, capacity 104958K, committed 105072K, reserved 1140736K
  class space    used 13326K, capacity 14267K, committed 14360K, reserved 1048576K
}
Event: 83.823 GC heap after
{Heap after GC invocations=57 (full 0):
 garbage-first heap   total 299008K, used 198627K [0x0000000080000000, 0x0000000100000000)
  region size 1024K, 3 young (3072K), 3 survivors (3072K)
 Metaspace       used 102495K, capacity 104958K, committed 105072K, reserved 1140736K
  class space    used 13326K, capacity 14267K, committed 14360K, reserved 1048576K
}
Event: 84.301 GC heap before
{Heap before GC invocations=57 (full 0):
 garbage-first heap   total 299008K, used 226275K [0x0000000080000000, 0x0000000100000000)
  region size 1024K, 31 young (31744K), 3 survivors (3072K)
 Metaspace       used 102951K, capacity 105487K, committed 105584K, reserved 1140736K
  class space    used 13382K, capacity 14353K, committed 14360K, reserved 1048576K
}

