# JRE version: OpenJDK Runtime Environment (11.0.13) (build 11.0.13+0-b1751.21-8125866)
# Java VM: OpenJDK 64-Bit Server VM (11.0.13+0-b1751.21-8125866, mixed mode, tiered, compressed oops, g1 gc, windows-amd64)
Heap:
 garbage-first heap   total 227328K, used 73987K [0x0000000080000000, 0x0000000100000000)
  region size 1024K, 7 young (7168K), 7 survivors (7168K)
 Metaspace       used 84262K, capacity 85985K, committed 86100K, reserved 1130496K
  class space    used 10936K, capacity 11641K, committed 11756K, reserved 1048576K
GC Heap History (20 events):
Event: 4.582 GC heap before
{Heap before GC invocations=5 (full 0):
 garbage-first heap   total 131072K, used 73808K [0x0000000080000000, 0x0000000100000000)
  region size 1024K, 57 young (58368K), 2 survivors (2048K)
 Metaspace       used 26711K, capacity 27325K, committed 27516K, reserved 1073152K
  class space    used 3454K, capacity 3674K, committed 3788K, reserved 1048576K
}
Event: 4.595 GC heap after
{Heap after GC invocations=6 (full 0):
 garbage-first heap   total 131072K, used 19391K [0x0000000080000000, 0x0000000100000000)
  region size 1024K, 4 young (4096K), 4 survivors (4096K)
 Metaspace       used 26711K, capacity 27325K, committed 27516K, reserved 1073152K
  class space    used 3454K, capacity 3674K, committed 3788K, reserved 1048576K
}
Event: 5.632 GC heap before
{Heap before GC invocations=7 (full 0):
 garbage-first heap   total 131072K, used 79807K [0x0000000080000000, 0x0000000100000000)
  region size 1024K, 63 young (64512K), 4 survivors (4096K)
 Metaspace       used 35144K, capacity 35893K, committed 36092K, reserved 1081344K
  class space    used 4516K, capacity 4831K, committed 4940K, reserved 1048576K
}
Event: 5.648 GC heap after
{Heap after GC invocations=8 (full 0):
 garbage-first heap   total 157696K, used 22862K [0x0000000080000000, 0x0000000100000000)
  region size 1024K, 7 young (7168K), 7 survivors (7168K)
 Metaspace       used 35144K, capacity 35893K, committed 36092K, reserved 1081344K
  class space    used 4516K, capacity 4831K, committed 4940K, reserved 1048576K
}
Event: 6.899 GC heap before
{Heap before GC invocations=8 (full 0):
 garbage-first heap   total 157696K, used 99662K [0x0000000080000000, 0x0000000100000000)
  region size 1024K, 79 young (80896K), 7 survivors (7168K)
 Metaspace       used 40975K, capacity 41942K, committed 42108K, reserved 1085440K
  class space    used 5174K, capacity 5519K, committed 5580K, reserved 1048576K
}
Event: 6.923 GC heap after
{Heap after GC invocations=9 (full 0):
 garbage-first heap   total 157696K, used 28239K [0x0000000080000000, 0x0000000100000000)
  region size 1024K, 9 young (9216K), 9 survivors (9216K)
 Metaspace       used 40975K, capacity 41942K, committed 42108K, reserved 1085440K
  class space    used 5174K, capacity 5519K, committed 5580K, reserved 1048576K
}
Event: 7.725 GC heap before
{Heap before GC invocations=9 (full 0):
 garbage-first heap   total 157696K, used 74319K [0x0000000080000000, 0x0000000100000000)
  region size 1024K, 54 young (55296K), 9 survivors (9216K)
 Metaspace       used 45168K, capacity 46163K, committed 46288K, reserved 1089536K
  class space    used 5724K, capacity 6107K, committed 6176K, reserved 1048576K
}
Event: 7.748 GC heap after
{Heap after GC invocations=10 (full 0):
 garbage-first heap   total 157696K, used 30315K [0x0000000080000000, 0x0000000100000000)
  region size 1024K, 8 young (8192K), 8 survivors (8192K)
 Metaspace       used 45168K, capacity 46163K, committed 46288K, reserved 1089536K
  class space    used 5724K, capacity 6107K, committed 6176K, reserved 1048576K
}
Event: 9.308 GC heap before
{Heap before GC invocations=11 (full 0):
 garbage-first heap   total 157696K, used 113259K [0x0000000080000000, 0x0000000100000000)
  region size 1024K, 82 young (83968K), 8 survivors (8192K)
 Metaspace       used 48892K, capacity 50191K, committed 50512K, reserved 1093632K
  class space    used 6171K, capacity 6690K, committed 6816K, reserved 1048576K
}
Event: 9.325 GC heap after
{Heap after GC invocations=12 (full 0):
 garbage-first heap   total 157696K, used 45699K [0x0000000080000000, 0x0000000100000000)
  region size 1024K, 10 young (10240K), 10 survivors (10240K)
 Metaspace       used 48892K, capacity 50191K, committed 50512K, reserved 1093632K
  class space    used 6171K, capacity 6690K, committed 6816K, reserved 1048576K
}
Event: 10.635 GC heap before
{Heap before GC invocations=12 (full 0):
 garbage-first heap   total 157696K, used 115331K [0x0000000080000000, 0x0000000100000000)
  region size 1024K, 77 young (78848K), 10 survivors (10240K)
 Metaspace       used 57206K, capacity 58518K, committed 58704K, reserved 1099776K
  class space    used 7201K, capacity 7713K, committed 7840K, reserved 1048576K
}
Event: 10.651 GC heap after
{Heap after GC invocations=13 (full 0):
 garbage-first heap   total 189440K, used 51496K [0x0000000080000000, 0x0000000100000000)
  region size 1024K, 5 young (5120K), 5 survivors (5120K)
 Metaspace       used 57206K, capacity 58518K, committed 58704K, reserved 1099776K
  class space    used 7201K, capacity 7713K, committed 7840K, reserved 1048576K
}
Event: 12.107 GC heap before
{Heap before GC invocations=13 (full 0):
 garbage-first heap   total 189440K, used 142632K [0x0000000080000000, 0x0000000100000000)
  region size 1024K, 87 young (89088K), 5 survivors (5120K)
 Metaspace       used 64576K, capacity 66078K, committed 66256K, reserved 1107968K
  class space    used 8118K, capacity 8683K, committed 8736K, reserved 1048576K
}
Event: 12.122 GC heap after
{Heap after GC invocations=14 (full 0):
 garbage-first heap   total 189440K, used 58641K [0x0000000080000000, 0x0000000100000000)
  region size 1024K, 11 young (11264K), 11 survivors (11264K)
 Metaspace       used 64576K, capacity 66078K, committed 66256K, reserved 1107968K
  class space    used 8118K, capacity 8683K, committed 8736K, reserved 1048576K
}
Event: 14.540 GC heap before
{Heap before GC invocations=14 (full 0):
 garbage-first heap   total 189440K, used 141585K [0x0000000080000000, 0x0000000100000000)
  region size 1024K, 92 young (94208K), 11 survivors (11264K)
 Metaspace       used 68713K, capacity 70218K, committed 70352K, reserved 1110016K
  class space    used 8620K, capacity 9204K, committed 9248K, reserved 1048576K
}
Event: 14.565 GC heap after
{Heap after GC invocations=15 (full 0):
 garbage-first heap   total 189440K, used 63932K [0x0000000080000000, 0x0000000100000000)
  region size 1024K, 6 young (6144K), 6 survivors (6144K)
 Metaspace       used 68713K, capacity 70218K, committed 70352K, reserved 1110016K
  class space    used 8620K, capacity 9204K, committed 9248K, reserved 1048576K
}
Event: 17.167 GC heap before
{Heap before GC invocations=15 (full 0):
 garbage-first heap   total 189440K, used 129468K [0x0000000080000000, 0x0000000100000000)
  region size 1024K, 71 young (72704K), 6 survivors (6144K)
 Metaspace       used 75923K, capacity 77498K, committed 77576K, reserved 1116160K
  class space    used 9758K, capacity 10379K, committed 10400K, reserved 1048576K
}
Event: 17.194 GC heap after
{Heap after GC invocations=16 (full 0):
 garbage-first heap   total 189440K, used 67475K [0x0000000080000000, 0x0000000100000000)
  region size 1024K, 10 young (10240K), 10 survivors (10240K)
 Metaspace       used 75923K, capacity 77498K, committed 77576K, reserved 1116160K
  class space    used 9758K, capacity 10379K, committed 10400K, reserved 1048576K
}
Event: 19.898 GC heap before
{Heap before GC invocations=17 (full 0):
 garbage-first heap   total 189440K, used 144275K [0x0000000080000000, 0x0000000100000000)
  region size 1024K, 85 young (87040K), 10 survivors (10240K)
 Metaspace       used 82959K, capacity 84676K, committed 84692K, reserved 1122304K
  class space    used 10713K, capacity 11358K, committed 11372K, reserved 1048576K
}
Event: 19.938 GC heap after
{Heap after GC invocations=18 (full 0):
 garbage-first heap   total 189440K, used 72805K [0x0000000080000000, 0x0000000100000000)
  region size 1024K, 10 young (10240K), 10 survivors (10240K)
 Metaspace       used 82959K, capacity 84676K, committed 84692K, reserved 1122304K
  class space    used 10713K, capacity 11358K, committed 11372K, reserved 1048576K
}

