# JRE version: OpenJDK Runtime Environment (11.0.13) (build 11.0.13+0-b1751.21-8125866)
# Java VM: OpenJDK 64-Bit Server VM (11.0.13+0-b1751.21-8125866, mixed mode, tiered, compressed oops, g1 gc, windows-amd64)
Heap:
 garbage-first heap   total 189440K, used 82432K [0x0000000081c00000, 0x0000000100000000)
  region size 1024K, 37 young (37888K), 7 survivors (7168K)
 Metaspace       used 71661K, capacity 72224K, committed 72396K, reserved 1114112K
  class space    used 7915K, capacity 8156K, committed 8192K, reserved 1048576K
GC Heap History (18 events):
Event: 0.605 GC heap before
{Heap before GC invocations=0 (full 0):
 garbage-first heap   total 131072K, used 18432K [0x0000000081c00000, 0x0000000100000000)
  region size 1024K, 14 young (14336K), 0 survivors (0K)
 Metaspace       used 9887K, capacity 9970K, committed 10112K, reserved 1058816K
  class space    used 825K, capacity 853K, committed 896K, reserved 1048576K
}
Event: 0.609 GC heap after
{Heap after GC invocations=1 (full 0):
 garbage-first heap   total 131072K, used 6421K [0x0000000081c00000, 0x0000000100000000)
  region size 1024K, 2 young (2048K), 2 survivors (2048K)
 Metaspace       used 9887K, capacity 9970K, committed 10112K, reserved 1058816K
  class space    used 825K, capacity 853K, committed 896K, reserved 1048576K
}
Event: 2.239 GC heap before
{Heap before GC invocations=1 (full 0):
 garbage-first heap   total 131072K, used 53525K [0x0000000081c00000, 0x0000000100000000)
  region size 1024K, 49 young (50176K), 2 survivors (2048K)
 Metaspace       used 20977K, capacity 21249K, committed 21296K, reserved 1069056K
  class space    used 2207K, capacity 2299K, committed 2304K, reserved 1048576K
}
Event: 2.256 GC heap after
{Heap after GC invocations=2 (full 0):
 garbage-first heap   total 131072K, used 11108K [0x0000000081c00000, 0x0000000100000000)
  region size 1024K, 7 young (7168K), 7 survivors (7168K)
 Metaspace       used 20977K, capacity 21249K, committed 21296K, reserved 1069056K
  class space    used 2207K, capacity 2299K, committed 2304K, reserved 1048576K
}
Event: 3.680 GC heap before
{Heap before GC invocations=3 (full 0):
 garbage-first heap   total 131072K, used 58212K [0x0000000081c00000, 0x0000000100000000)
  region size 1024K, 47 young (48128K), 7 survivors (7168K)
 Metaspace       used 30966K, capacity 31381K, committed 31488K, reserved 1077248K
  class space    used 3640K, capacity 3824K, committed 3840K, reserved 1048576K
}
Event: 3.701 GC heap after
{Heap after GC invocations=4 (full 0):
 garbage-first heap   total 131072K, used 22246K [0x0000000081c00000, 0x0000000100000000)
  region size 1024K, 5 young (5120K), 5 survivors (5120K)
 Metaspace       used 30966K, capacity 31381K, committed 31488K, reserved 1077248K
  class space    used 3640K, capacity 3824K, committed 3840K, reserved 1048576K
}
Event: 4.347 GC heap before
{Heap before GC invocations=4 (full 0):
 garbage-first heap   total 131072K, used 42726K [0x0000000081c00000, 0x0000000100000000)
  region size 1024K, 26 young (26624K), 5 survivors (5120K)
 Metaspace       used 35325K, capacity 35709K, committed 35840K, reserved 1081344K
  class space    used 4332K, capacity 4498K, committed 4608K, reserved 1048576K
}
Event: 4.361 GC heap after
{Heap after GC invocations=5 (full 0):
 garbage-first heap   total 131072K, used 24973K [0x0000000081c00000, 0x0000000100000000)
  region size 1024K, 3 young (3072K), 3 survivors (3072K)
 Metaspace       used 35325K, capacity 35709K, committed 35840K, reserved 1081344K
  class space    used 4332K, capacity 4498K, committed 4608K, reserved 1048576K
}
Event: 5.669 GC heap before
{Heap before GC invocations=6 (full 0):
 garbage-first heap   total 131072K, used 75149K [0x0000000081c00000, 0x0000000100000000)
  region size 1024K, 52 young (53248K), 3 survivors (3072K)
 Metaspace       used 45761K, capacity 46259K, committed 46464K, reserved 1089536K
  class space    used 5432K, capacity 5646K, committed 5760K, reserved 1048576K
}
Event: 5.684 GC heap after
{Heap after GC invocations=7 (full 0):
 garbage-first heap   total 157696K, used 27438K [0x0000000081c00000, 0x0000000100000000)
  region size 1024K, 7 young (7168K), 7 survivors (7168K)
 Metaspace       used 45761K, capacity 46259K, committed 46464K, reserved 1089536K
  class space    used 5432K, capacity 5646K, committed 5760K, reserved 1048576K
}
Event: 7.023 GC heap before
{Heap before GC invocations=7 (full 0):
 garbage-first heap   total 157696K, used 91950K [0x0000000081c00000, 0x0000000100000000)
  region size 1024K, 67 young (68608K), 7 survivors (7168K)
 Metaspace       used 50374K, capacity 50898K, committed 51200K, reserved 1093632K
  class space    used 5852K, capacity 6058K, committed 6144K, reserved 1048576K
}
Event: 7.058 GC heap after
{Heap after GC invocations=8 (full 0):
 garbage-first heap   total 157696K, used 36458K [0x0000000081c00000, 0x0000000100000000)
  region size 1024K, 7 young (7168K), 7 survivors (7168K)
 Metaspace       used 50374K, capacity 50898K, committed 51200K, reserved 1093632K
  class space    used 5852K, capacity 6058K, committed 6144K, reserved 1048576K
}
Event: 9.355 GC heap before
{Heap before GC invocations=8 (full 0):
 garbage-first heap   total 157696K, used 99946K [0x0000000081c00000, 0x0000000100000000)
  region size 1024K, 69 young (70656K), 7 survivors (7168K)
 Metaspace       used 55462K, capacity 56016K, committed 56192K, reserved 1099776K
  class space    used 6283K, capacity 6507K, committed 6528K, reserved 1048576K
}
Event: 9.393 GC heap after
{Heap after GC invocations=9 (full 0):
 garbage-first heap   total 157696K, used 45056K [0x0000000081c00000, 0x0000000100000000)
  region size 1024K, 9 young (9216K), 9 survivors (9216K)
 Metaspace       used 55462K, capacity 56016K, committed 56192K, reserved 1099776K
  class space    used 6283K, capacity 6507K, committed 6528K, reserved 1048576K
}
Event: 10.239 GC heap before
{Heap before GC invocations=9 (full 0):
 garbage-first heap   total 157696K, used 64512K [0x0000000081c00000, 0x0000000100000000)
  region size 1024K, 29 young (29696K), 9 survivors (9216K)
 Metaspace       used 59427K, capacity 59977K, committed 60160K, reserved 1101824K
  class space    used 6686K, capacity 6906K, committed 6912K, reserved 1048576K
}
Event: 10.268 GC heap after
{Heap after GC invocations=10 (full 0):
 garbage-first heap   total 157696K, used 48128K [0x0000000081c00000, 0x0000000100000000)
  region size 1024K, 3 young (3072K), 3 survivors (3072K)
 Metaspace       used 59427K, capacity 59977K, committed 60160K, reserved 1101824K
  class space    used 6686K, capacity 6906K, committed 6912K, reserved 1048576K
}
Event: 11.795 GC heap before
{Heap before GC invocations=11 (full 0):
 garbage-first heap   total 157696K, used 98304K [0x0000000081c00000, 0x0000000100000000)
  region size 1024K, 52 young (53248K), 3 survivors (3072K)
 Metaspace       used 68211K, capacity 68782K, committed 69068K, reserved 1110016K
  class space    used 7616K, capacity 7862K, committed 7936K, reserved 1048576K
}
Event: 11.816 GC heap after
{Heap after GC invocations=12 (full 0):
 garbage-first heap   total 189440K, used 52736K [0x0000000081c00000, 0x0000000100000000)
  region size 1024K, 7 young (7168K), 7 survivors (7168K)
 Metaspace       used 68211K, capacity 68782K, committed 69068K, reserved 1110016K
  class space    used 7616K, capacity 7862K, committed 7936K, reserved 1048576K
}

