# JRE version: OpenJDK Runtime Environment (11.0.13) (build 11.0.13+0-b1751.21-8125866)
# Java VM: OpenJDK 64-Bit Server VM (11.0.13+0-b1751.21-8125866, mixed mode, tiered, compressed oops, g1 gc, windows-amd64)
Heap:
 garbage-first heap   total 189440K, used 57852K [0x0000000080000000, 0x0000000100000000)
  region size 1024K, 10 young (10240K), 9 survivors (9216K)
 Metaspace       used 64865K, capacity 66343K, committed 66556K, reserved 1107968K
  class space    used 8157K, capacity 8749K, committed 8780K, reserved 1048576K
GC Heap History (20 events):
Event: 1.051 GC heap before
{Heap before GC invocations=1 (full 0):
 garbage-first heap   total 131072K, used 19780K [0x0000000080000000, 0x0000000100000000)
  region size 1024K, 14 young (14336K), 2 survivors (2048K)
 Metaspace       used 10265K, capacity 10565K, committed 10624K, reserved 1058816K
  class space    used 1055K, capacity 1139K, committed 1152K, reserved 1048576K
}
Event: 1.056 GC heap after
{Heap after GC invocations=2 (full 0):
 garbage-first heap   total 131072K, used 9477K [0x0000000080000000, 0x0000000100000000)
  region size 1024K, 2 young (2048K), 2 survivors (2048K)
 Metaspace       used 10265K, capacity 10565K, committed 10624K, reserved 1058816K
  class space    used 1055K, capacity 1139K, committed 1152K, reserved 1048576K
}
Event: 1.599 GC heap before
{Heap before GC invocations=2 (full 0):
 garbage-first heap   total 131072K, used 41221K [0x0000000080000000, 0x0000000100000000)
  region size 1024K, 33 young (33792K), 2 survivors (2048K)
 Metaspace       used 11246K, capacity 11520K, committed 11776K, reserved 1060864K
  class space    used 1156K, capacity 1244K, committed 1280K, reserved 1048576K
}
Event: 1.605 GC heap after
{Heap after GC invocations=3 (full 0):
 garbage-first heap   total 131072K, used 12043K [0x0000000080000000, 0x0000000100000000)
  region size 1024K, 5 young (5120K), 5 survivors (5120K)
 Metaspace       used 11246K, capacity 11520K, committed 11776K, reserved 1060864K
  class space    used 1156K, capacity 1244K, committed 1280K, reserved 1048576K
}
Event: 2.986 GC heap before
{Heap before GC invocations=3 (full 0):
 garbage-first heap   total 131072K, used 57099K [0x0000000080000000, 0x0000000100000000)
  region size 1024K, 49 young (50176K), 5 survivors (5120K)
 Metaspace       used 17836K, capacity 18275K, committed 18432K, reserved 1064960K
  class space    used 2088K, capacity 2244K, committed 2304K, reserved 1048576K
}
Event: 2.996 GC heap after
{Heap after GC invocations=4 (full 0):
 garbage-first heap   total 131072K, used 16577K [0x0000000080000000, 0x0000000100000000)
  region size 1024K, 7 young (7168K), 7 survivors (7168K)
 Metaspace       used 17836K, capacity 18275K, committed 18432K, reserved 1064960K
  class space    used 2088K, capacity 2244K, committed 2304K, reserved 1048576K
}
Event: 3.309 GC heap before
{Heap before GC invocations=4 (full 0):
 garbage-first heap   total 131072K, used 42177K [0x0000000080000000, 0x0000000100000000)
  region size 1024K, 33 young (33792K), 7 survivors (7168K)
 Metaspace       used 20782K, capacity 21199K, committed 21296K, reserved 1069056K
  class space    used 2528K, capacity 2686K, committed 2688K, reserved 1048576K
}
Event: 3.319 GC heap after
{Heap after GC invocations=5 (full 0):
 garbage-first heap   total 157696K, used 17196K [0x0000000080000000, 0x0000000100000000)
  region size 1024K, 1 young (1024K), 1 survivors (1024K)
 Metaspace       used 20782K, capacity 21199K, committed 21296K, reserved 1069056K
  class space    used 2528K, capacity 2686K, committed 2688K, reserved 1048576K
}
Event: 4.197 GC heap before
{Heap before GC invocations=6 (full 0):
 garbage-first heap   total 157696K, used 73516K [0x0000000080000000, 0x0000000100000000)
  region size 1024K, 57 young (58368K), 1 survivors (1024K)
 Metaspace       used 26718K, capacity 27389K, committed 27516K, reserved 1073152K
  class space    used 3452K, capacity 3674K, committed 3788K, reserved 1048576K
}
Event: 4.204 GC heap after
{Heap after GC invocations=7 (full 0):
 garbage-first heap   total 157696K, used 19117K [0x0000000080000000, 0x0000000100000000)
  region size 1024K, 3 young (3072K), 3 survivors (3072K)
 Metaspace       used 26718K, capacity 27389K, committed 27516K, reserved 1073152K
  class space    used 3452K, capacity 3674K, committed 3788K, reserved 1048576K
}
Event: 5.267 GC heap before
{Heap before GC invocations=7 (full 0):
 garbage-first heap   total 157696K, used 78509K [0x0000000080000000, 0x0000000100000000)
  region size 1024K, 62 young (63488K), 3 survivors (3072K)
 Metaspace       used 35188K, capacity 35939K, committed 35964K, reserved 1081344K
  class space    used 4512K, capacity 4805K, committed 4812K, reserved 1048576K
}
Event: 5.282 GC heap after
{Heap after GC invocations=8 (full 0):
 garbage-first heap   total 157696K, used 22574K [0x0000000080000000, 0x0000000100000000)
  region size 1024K, 7 young (7168K), 7 survivors (7168K)
 Metaspace       used 35188K, capacity 35939K, committed 35964K, reserved 1081344K
  class space    used 4512K, capacity 4805K, committed 4812K, reserved 1048576K
}
Event: 6.456 GC heap before
{Heap before GC invocations=9 (full 0):
 garbage-first heap   total 157696K, used 93230K [0x0000000080000000, 0x0000000100000000)
  region size 1024K, 74 young (75776K), 7 survivors (7168K)
 Metaspace       used 40592K, capacity 41555K, committed 41852K, reserved 1085440K
  class space    used 5115K, capacity 5454K, committed 5580K, reserved 1048576K
}
Event: 6.474 GC heap after
{Heap after GC invocations=10 (full 0):
 garbage-first heap   total 157696K, used 28152K [0x0000000080000000, 0x0000000100000000)
  region size 1024K, 9 young (9216K), 9 survivors (9216K)
 Metaspace       used 40592K, capacity 41555K, committed 41852K, reserved 1085440K
  class space    used 5115K, capacity 5454K, committed 5580K, reserved 1048576K
}
Event: 7.545 GC heap before
{Heap before GC invocations=10 (full 0):
 garbage-first heap   total 157696K, used 108024K [0x0000000080000000, 0x0000000100000000)
  region size 1024K, 86 young (88064K), 9 survivors (9216K)
 Metaspace       used 47257K, capacity 48409K, committed 48636K, reserved 1091584K
  class space    used 6014K, capacity 6455K, committed 6476K, reserved 1048576K
}
Event: 7.563 GC heap after
{Heap after GC invocations=11 (full 0):
 garbage-first heap   total 157696K, used 29949K [0x0000000080000000, 0x0000000100000000)
  region size 1024K, 8 young (8192K), 8 survivors (8192K)
 Metaspace       used 47257K, capacity 48409K, committed 48636K, reserved 1091584K
  class space    used 6014K, capacity 6455K, committed 6476K, reserved 1048576K
}
Event: 9.204 GC heap before
{Heap before GC invocations=11 (full 0):
 garbage-first heap   total 157696K, used 123133K [0x0000000080000000, 0x0000000100000000)
  region size 1024K, 89 young (91136K), 8 survivors (8192K)
 Metaspace       used 52601K, capacity 53939K, committed 54268K, reserved 1095680K
  class space    used 6630K, capacity 7128K, committed 7244K, reserved 1048576K
}
Event: 9.231 GC heap after
{Heap after GC invocations=12 (full 0):
 garbage-first heap   total 189440K, used 48870K [0x0000000080000000, 0x0000000100000000)
  region size 1024K, 12 young (12288K), 12 survivors (12288K)
 Metaspace       used 52601K, capacity 53939K, committed 54268K, reserved 1095680K
  class space    used 6630K, capacity 7128K, committed 7244K, reserved 1048576K
}
Event: 10.370 GC heap before
{Heap before GC invocations=12 (full 0):
 garbage-first heap   total 189440K, used 92902K [0x0000000080000000, 0x0000000100000000)
  region size 1024K, 56 young (57344K), 12 survivors (12288K)
 Metaspace       used 59067K, capacity 60518K, committed 60580K, reserved 1101824K
  class space    used 7452K, capacity 7995K, committed 8012K, reserved 1048576K
}
Event: 10.391 GC heap after
{Heap after GC invocations=13 (full 0):
 garbage-first heap   total 189440K, used 51631K [0x0000000080000000, 0x0000000100000000)
  region size 1024K, 3 young (3072K), 3 survivors (3072K)
 Metaspace       used 59067K, capacity 60518K, committed 60580K, reserved 1101824K
  class space    used 7452K, capacity 7995K, committed 8012K, reserved 1048576K
}

