# JRE version: OpenJDK Runtime Environment (11.0.13) (build 11.0.13+0-b1751.21-8125866)
# Java VM: OpenJDK 64-Bit Server VM (11.0.13+0-b1751.21-8125866, mixed mode, tiered, compressed oops, g1 gc, windows-amd64)
Heap:
 garbage-first heap   total 189440K, used 140067K [0x0000000080000000, 0x0000000100000000)
  region size 1024K, 40 young (40960K), 6 survivors (6144K)
 Metaspace       used 109852K, capacity 112380K, committed 112720K, reserved 1146880K
  class space    used 13727K, capacity 14634K, committed 14752K, reserved 1048576K
GC Heap History (20 events):
Event: 45.970 GC heap before
{Heap before GC invocations=37 (full 0):
 garbage-first heap   total 157696K, used 120732K [0x0000000080000000, 0x0000000100000000)
  region size 1024K, 28 young (28672K), 4 survivors (4096K)
 Metaspace       used 97607K, capacity 99754K, committed 100048K, reserved 1136640K
  class space    used 12221K, capacity 13030K, committed 13088K, reserved 1048576K
}
Event: 45.979 GC heap after
{Heap after GC invocations=38 (full 0):
 garbage-first heap   total 157696K, used 96635K [0x0000000080000000, 0x0000000100000000)
  region size 1024K, 2 young (2048K), 2 survivors (2048K)
 Metaspace       used 97607K, capacity 99754K, committed 100048K, reserved 1136640K
  class space    used 12221K, capacity 13030K, committed 13088K, reserved 1048576K
}
Event: 46.101 GC heap before
{Heap before GC invocations=38 (full 0):
 garbage-first heap   total 157696K, used 100731K [0x0000000080000000, 0x0000000100000000)
  region size 1024K, 7 young (7168K), 2 survivors (2048K)
 Metaspace       used 97612K, capacity 99754K, committed 100048K, reserved 1136640K
  class space    used 12221K, capacity 13030K, committed 13088K, reserved 1048576K
}
Event: 46.109 GC heap after
{Heap after GC invocations=39 (full 0):
 garbage-first heap   total 157696K, used 92591K [0x0000000080000000, 0x0000000100000000)
  region size 1024K, 1 young (1024K), 1 survivors (1024K)
 Metaspace       used 97612K, capacity 99754K, committed 100048K, reserved 1136640K
  class space    used 12221K, capacity 13030K, committed 13088K, reserved 1048576K
}
Event: 47.838 GC heap before
{Heap before GC invocations=39 (full 0):
 garbage-first heap   total 157696K, used 120239K [0x0000000080000000, 0x0000000100000000)
  region size 1024K, 29 young (29696K), 1 survivors (1024K)
 Metaspace       used 98794K, capacity 101020K, committed 101200K, reserved 1136640K
  class space    used 12353K, capacity 13209K, committed 13216K, reserved 1048576K
}
Event: 47.849 GC heap after
{Heap after GC invocations=40 (full 0):
 garbage-first heap   total 157696K, used 96256K [0x0000000080000000, 0x0000000100000000)
  region size 1024K, 4 young (4096K), 4 survivors (4096K)
 Metaspace       used 98794K, capacity 101020K, committed 101200K, reserved 1136640K
  class space    used 12353K, capacity 13209K, committed 13216K, reserved 1048576K
}
Event: 49.595 GC heap before
{Heap before GC invocations=41 (full 0):
 garbage-first heap   total 157696K, used 120832K [0x0000000080000000, 0x0000000100000000)
  region size 1024K, 31 young (31744K), 4 survivors (4096K)
 Metaspace       used 99450K, capacity 101623K, committed 101840K, reserved 1138688K
  class space    used 12423K, capacity 13250K, committed 13344K, reserved 1048576K
}
Event: 49.612 GC heap after
{Heap after GC invocations=42 (full 0):
 garbage-first heap   total 189440K, used 95860K [0x0000000080000000, 0x0000000100000000)
  region size 1024K, 2 young (2048K), 2 survivors (2048K)
 Metaspace       used 99450K, capacity 101623K, committed 101840K, reserved 1138688K
  class space    used 12423K, capacity 13250K, committed 13344K, reserved 1048576K
}
Event: 50.080 GC heap before
{Heap before GC invocations=42 (full 0):
 garbage-first heap   total 189440K, used 102004K [0x0000000080000000, 0x0000000100000000)
  region size 1024K, 9 young (9216K), 2 survivors (2048K)
 Metaspace       used 99642K, capacity 101879K, committed 102096K, reserved 1138688K
  class space    used 12460K, capacity 13314K, committed 13344K, reserved 1048576K
}
Event: 50.087 GC heap after
{Heap after GC invocations=43 (full 0):
 garbage-first heap   total 189440K, used 95329K [0x0000000080000000, 0x0000000100000000)
  region size 1024K, 1 young (1024K), 1 survivors (1024K)
 Metaspace       used 99642K, capacity 101879K, committed 102096K, reserved 1138688K
  class space    used 12460K, capacity 13314K, committed 13344K, reserved 1048576K
}
Event: 51.182 GC heap before
{Heap before GC invocations=43 (full 0):
 garbage-first heap   total 189440K, used 133217K [0x0000000080000000, 0x0000000100000000)
  region size 1024K, 39 young (39936K), 1 survivors (1024K)
 Metaspace       used 101993K, capacity 104279K, committed 104528K, reserved 1140736K
  class space    used 12769K, capacity 13602K, committed 13728K, reserved 1048576K
}
Event: 51.188 GC heap after
{Heap after GC invocations=44 (full 0):
 garbage-first heap   total 189440K, used 96269K [0x0000000080000000, 0x0000000100000000)
  region size 1024K, 2 young (2048K), 2 survivors (2048K)
 Metaspace       used 101993K, capacity 104279K, committed 104528K, reserved 1140736K
  class space    used 12769K, capacity 13602K, committed 13728K, reserved 1048576K
}
Event: 54.295 GC heap before
{Heap before GC invocations=45 (full 0):
 garbage-first heap   total 189440K, used 137229K [0x0000000080000000, 0x0000000100000000)
  region size 1024K, 43 young (44032K), 2 survivors (2048K)
 Metaspace       used 103069K, capacity 105247K, committed 105296K, reserved 1140736K
  class space    used 12868K, capacity 13711K, committed 13728K, reserved 1048576K
}
Event: 54.306 GC heap after
{Heap after GC invocations=46 (full 0):
 garbage-first heap   total 189440K, used 99746K [0x0000000080000000, 0x0000000100000000)
  region size 1024K, 5 young (5120K), 5 survivors (5120K)
 Metaspace       used 103069K, capacity 105247K, committed 105296K, reserved 1140736K
  class space    used 12868K, capacity 13711K, committed 13728K, reserved 1048576K
}
Event: 88.551 GC heap before
{Heap before GC invocations=46 (full 0):
 garbage-first heap   total 189440K, used 140706K [0x0000000080000000, 0x0000000100000000)
  region size 1024K, 46 young (47104K), 5 survivors (5120K)
 Metaspace       used 103482K, capacity 105763K, committed 105936K, reserved 1140736K
  class space    used 12901K, capacity 13752K, committed 13856K, reserved 1048576K
}
Event: 88.566 GC heap after
{Heap after GC invocations=47 (full 0):
 garbage-first heap   total 189440K, used 103470K [0x0000000080000000, 0x0000000100000000)
  region size 1024K, 4 young (4096K), 4 survivors (4096K)
 Metaspace       used 103482K, capacity 105763K, committed 105936K, reserved 1140736K
  class space    used 12901K, capacity 13752K, committed 13856K, reserved 1048576K
}
Event: 89.425 GC heap before
{Heap before GC invocations=47 (full 0):
 garbage-first heap   total 189440K, used 144430K [0x0000000080000000, 0x0000000100000000)
  region size 1024K, 45 young (46080K), 4 survivors (4096K)
 Metaspace       used 105574K, capacity 107826K, committed 107984K, reserved 1142784K
  class space    used 13152K, capacity 14013K, committed 14112K, reserved 1048576K
}
Event: 89.433 GC heap after
{Heap after GC invocations=48 (full 0):
 garbage-first heap   total 189440K, used 103936K [0x0000000080000000, 0x0000000100000000)
  region size 1024K, 3 young (3072K), 3 survivors (3072K)
 Metaspace       used 105574K, capacity 107826K, committed 107984K, reserved 1142784K
  class space    used 13152K, capacity 14013K, committed 14112K, reserved 1048576K
}
Event: 120.693 GC heap before
{Heap before GC invocations=48 (full 0):
 garbage-first heap   total 189440K, used 146944K [0x0000000080000000, 0x0000000100000000)
  region size 1024K, 46 young (47104K), 3 survivors (3072K)
 Metaspace       used 108758K, capacity 111282K, committed 111568K, reserved 1146880K
  class space    used 13612K, capacity 14546K, committed 14624K, reserved 1048576K
}
Event: 120.704 GC heap after
{Heap after GC invocations=49 (full 0):
 garbage-first heap   total 189440K, used 106275K [0x0000000080000000, 0x0000000100000000)
  region size 1024K, 6 young (6144K), 6 survivors (6144K)
 Metaspace       used 108758K, capacity 111282K, committed 111568K, reserved 1146880K
  class space    used 13612K, capacity 14546K, committed 14624K, reserved 1048576K
}

