# JRE version: OpenJDK Runtime Environment (11.0.13) (build 11.0.13+0-b1751.21-8125866)
# Java VM: OpenJDK 64-Bit Server VM (11.0.13+0-b1751.21-8125866, mixed mode, tiered, compressed oops, g1 gc, windows-amd64)
Heap:
 garbage-first heap   total 227328K, used 153387K [0x0000000080000000, 0x0000000100000000)
  region size 1024K, 79 young (80896K), 10 survivors (10240K)
 Metaspace       used 94484K, capacity 96629K, committed 96892K, reserved 1132544K
  class space    used 12124K, capacity 12960K, committed 13004K, reserved 1048576K
GC Heap History (20 events):
Event: 8.504 GC heap before
{Heap before GC invocations=10 (full 0):
 garbage-first heap   total 157696K, used 51082K [0x0000000080000000, 0x0000000100000000)
  region size 1024K, 32 young (32768K), 9 survivors (9216K)
 Metaspace       used 43731K, capacity 44655K, committed 44796K, reserved 1087488K
  class space    used 5481K, capacity 5840K, committed 5964K, reserved 1048576K
}
Event: 8.521 GC heap after
{Heap after GC invocations=11 (full 0):
 garbage-first heap   total 157696K, used 30477K [0x0000000080000000, 0x0000000100000000)
  region size 1024K, 7 young (7168K), 7 survivors (7168K)
 Metaspace       used 43731K, capacity 44655K, committed 44796K, reserved 1087488K
  class space    used 5481K, capacity 5840K, committed 5964K, reserved 1048576K
}
Event: 10.130 GC heap before
{Heap before GC invocations=12 (full 0):
 garbage-first heap   total 157696K, used 106253K [0x0000000080000000, 0x0000000100000000)
  region size 1024K, 81 young (82944K), 7 survivors (7168K)
 Metaspace       used 48253K, capacity 49433K, committed 49532K, reserved 1091584K
  class space    used 6112K, capacity 6558K, committed 6604K, reserved 1048576K
}
Event: 10.147 GC heap after
{Heap after GC invocations=13 (full 0):
 garbage-first heap   total 157696K, used 32204K [0x0000000080000000, 0x0000000100000000)
  region size 1024K, 4 young (4096K), 4 survivors (4096K)
 Metaspace       used 48253K, capacity 49433K, committed 49532K, reserved 1091584K
  class space    used 6112K, capacity 6558K, committed 6604K, reserved 1048576K
}
Event: 12.576 GC heap before
{Heap before GC invocations=13 (full 0):
 garbage-first heap   total 157696K, used 123340K [0x0000000080000000, 0x0000000100000000)
  region size 1024K, 84 young (86016K), 4 survivors (4096K)
 Metaspace       used 55457K, capacity 56793K, committed 56956K, reserved 1099776K
  class space    used 6969K, capacity 7502K, committed 7628K, reserved 1048576K
}
Event: 12.589 GC heap after
{Heap after GC invocations=14 (full 0):
 garbage-first heap   total 189440K, used 50176K [0x0000000080000000, 0x0000000100000000)
  region size 1024K, 11 young (11264K), 11 survivors (11264K)
 Metaspace       used 55457K, capacity 56793K, committed 56956K, reserved 1099776K
  class space    used 6969K, capacity 7502K, committed 7628K, reserved 1048576K
}
Event: 14.248 GC heap before
{Heap before GC invocations=14 (full 0):
 garbage-first heap   total 189440K, used 140288K [0x0000000080000000, 0x0000000100000000)
  region size 1024K, 93 young (95232K), 11 survivors (11264K)
 Metaspace       used 63480K, capacity 64977K, committed 65148K, reserved 1105920K
  class space    used 7971K, capacity 8555K, committed 8652K, reserved 1048576K
}
Event: 14.271 GC heap after
{Heap after GC invocations=15 (full 0):
 garbage-first heap   total 189440K, used 57327K [0x0000000080000000, 0x0000000100000000)
  region size 1024K, 7 young (7168K), 7 survivors (7168K)
 Metaspace       used 63480K, capacity 64977K, committed 65148K, reserved 1105920K
  class space    used 7971K, capacity 8555K, committed 8652K, reserved 1048576K
}
Event: 15.916 GC heap before
{Heap before GC invocations=15 (full 0):
 garbage-first heap   total 189440K, used 141295K [0x0000000080000000, 0x0000000100000000)
  region size 1024K, 88 young (90112K), 7 survivors (7168K)
 Metaspace       used 67993K, capacity 69629K, committed 69884K, reserved 1110016K
  class space    used 8554K, capacity 9178K, committed 9292K, reserved 1048576K
}
Event: 15.935 GC heap after
{Heap after GC invocations=16 (full 0):
 garbage-first heap   total 189440K, used 62252K [0x0000000080000000, 0x0000000100000000)
  region size 1024K, 5 young (5120K), 5 survivors (5120K)
 Metaspace       used 67993K, capacity 69629K, committed 69884K, reserved 1110016K
  class space    used 8554K, capacity 9178K, committed 9292K, reserved 1048576K
}
Event: 17.363 GC heap before
{Heap before GC invocations=16 (full 0):
 garbage-first heap   total 189440K, used 113452K [0x0000000080000000, 0x0000000100000000)
  region size 1024K, 56 young (57344K), 5 survivors (5120K)
 Metaspace       used 73412K, capacity 74918K, committed 75004K, reserved 1114112K
  class space    used 9420K, capacity 10021K, committed 10060K, reserved 1048576K
}
Event: 17.382 GC heap after
{Heap after GC invocations=17 (full 0):
 garbage-first heap   total 189440K, used 65614K [0x0000000080000000, 0x0000000100000000)
  region size 1024K, 9 young (9216K), 9 survivors (9216K)
 Metaspace       used 73412K, capacity 74918K, committed 75004K, reserved 1114112K
  class space    used 9420K, capacity 10021K, committed 10060K, reserved 1048576K
}
Event: 19.050 GC heap before
{Heap before GC invocations=18 (full 0):
 garbage-first heap   total 189440K, used 137294K [0x0000000080000000, 0x0000000100000000)
  region size 1024K, 79 young (80896K), 9 survivors (9216K)
 Metaspace       used 80598K, capacity 82247K, committed 82428K, reserved 1120256K
  class space    used 10434K, capacity 11068K, committed 11084K, reserved 1048576K
}
Event: 19.086 GC heap after
{Heap after GC invocations=19 (full 0):
 garbage-first heap   total 189440K, used 69524K [0x0000000080000000, 0x0000000100000000)
  region size 1024K, 8 young (8192K), 8 survivors (8192K)
 Metaspace       used 80598K, capacity 82247K, committed 82428K, reserved 1120256K
  class space    used 10434K, capacity 11068K, committed 11084K, reserved 1048576K
}
Event: 22.290 GC heap before
{Heap before GC invocations=20 (full 0):
 garbage-first heap   total 189440K, used 141204K [0x0000000080000000, 0x0000000100000000)
  region size 1024K, 79 young (80896K), 8 survivors (8192K)
 Metaspace       used 85804K, capacity 87704K, committed 87932K, reserved 1126400K
  class space    used 11177K, capacity 11939K, committed 11980K, reserved 1048576K
}
Event: 22.316 GC heap after
{Heap after GC invocations=21 (full 0):
 garbage-first heap   total 189440K, used 75414K [0x0000000080000000, 0x0000000100000000)
  region size 1024K, 10 young (10240K), 10 survivors (10240K)
 Metaspace       used 85804K, capacity 87704K, committed 87932K, reserved 1126400K
  class space    used 11177K, capacity 11939K, committed 11980K, reserved 1048576K
}
Event: 24.573 GC heap before
{Heap before GC invocations=21 (full 0):
 garbage-first heap   total 189440K, used 145046K [0x0000000080000000, 0x0000000100000000)
  region size 1024K, 79 young (80896K), 10 survivors (10240K)
 Metaspace       used 86748K, capacity 88717K, committed 89084K, reserved 1126400K
  class space    used 11215K, capacity 11991K, committed 12108K, reserved 1048576K
}
Event: 24.600 GC heap after
{Heap after GC invocations=22 (full 0):
 garbage-first heap   total 227328K, used 80830K [0x0000000080000000, 0x0000000100000000)
  region size 1024K, 6 young (6144K), 6 survivors (6144K)
 Metaspace       used 86748K, capacity 88717K, committed 89084K, reserved 1126400K
  class space    used 11215K, capacity 11991K, committed 12108K, reserved 1048576K
}
Event: 26.011 GC heap before
{Heap before GC invocations=22 (full 0):
 garbage-first heap   total 227328K, used 166846K [0x0000000080000000, 0x0000000100000000)
  region size 1024K, 91 young (93184K), 6 survivors (6144K)
 Metaspace       used 89525K, capacity 91497K, committed 91772K, reserved 1128448K
  class space    used 11587K, capacity 12362K, committed 12492K, reserved 1048576K
}
Event: 26.033 GC heap after
{Heap after GC invocations=23 (full 0):
 garbage-first heap   total 227328K, used 84779K [0x0000000080000000, 0x0000000100000000)
  region size 1024K, 10 young (10240K), 10 survivors (10240K)
 Metaspace       used 89525K, capacity 91497K, committed 91772K, reserved 1128448K
  class space    used 11587K, capacity 12362K, committed 12492K, reserved 1048576K
}

